<?xml version="1.0" encoding="UTF-8"?>
<!-- Generated by org.testng.reporters.JUnitReportReporter -->
<testsuite hostname="WMIN26" failures="0" tests="1" name="dd.Insure.TestComponents.BaseTest" time="10.152" errors="0" timestamp="2023-01-31T10:11:16 IST" skipped="0">
  <testcase classname="dd.Insure.TestComponents.BaseTest" name="WelcomeMessage" time="10.152"/>
  <system-out/>
</testsuite> <!-- dd.Insure.TestComponents.BaseTest -->
