<?xml version="1.0" encoding="UTF-8"?>
<!-- Generated by org.testng.reporters.JUnitReportReporter -->
<testsuite hostname="WMIN26" failures="0" tests="5" name="dd.Insure.Tests.HomePageTest" time="7.361" errors="0" timestamp="2023-02-02T08:58:11 IST" skipped="0">
  <testcase classname="dd.Insure.Tests.HomePageTest" name="urlNavigation" time="0.154"/>
  <system-out/>
  <testcase classname="dd.Insure.Tests.HomePageTest" name="Logo" time="0.215"/>
  <system-out/>
  <testcase classname="dd.Insure.Tests.HomePageTest" name="WelcomeMessage" time="6.131"/>
  <system-out/>
  <testcase classname="dd.Insure.Tests.HomePageTest" name="NeedHelpLink" time="0.456"/>
  <system-out/>
  <testcase classname="dd.Insure.Tests.HomePageTest" name="NeedHelpDialog" time="0.405"/>
  <system-out/>
</testsuite> <!-- dd.Insure.Tests.HomePageTest -->
