<?xml version="1.0" encoding="UTF-8"?>
<!-- Generated by org.testng.reporters.JUnitReportReporter -->
<testsuite hostname="WMIN26" failures="0" tests="7" name="dd.Insure.Tests.NextButtonTest" time="25.591" errors="0" timestamp="2023-02-02T08:58:11 IST" skipped="0">
  <testcase classname="dd.Insure.Tests.NextButtonTest" name="GetStartedButtonCheck" time="10.781"/>
  <system-out/>
  <testcase classname="dd.Insure.Tests.NextButtonTest" name="ApplicantTypePage" time="3.899"/>
  <system-out/>
  <testcase classname="dd.Insure.Tests.NextButtonTest" name="ProductSelect" time="4.276"/>
  <system-out/>
  <testcase classname="dd.Insure.Tests.NextButtonTest" name="NameInfoValidation" time="3.130"/>
  <system-out/>
  <testcase classname="dd.Insure.Tests.NextButtonTest" name="NameInfoValidation" time="0.124"/>
  <system-out/>
  <testcase classname="dd.Insure.Tests.NextButtonTest" name="EmailIdValidation" time="3.181"/>
  <system-out/>
  <testcase classname="dd.Insure.Tests.NextButtonTest" name="EmailIdValidation" time="0.200"/>
  <system-out/>
</testsuite> <!-- dd.Insure.Tests.NextButtonTest -->
