<?xml version="1.0" encoding="UTF-8"?>
<!-- Generated by org.testng.reporters.JUnitReportReporter -->
<testsuite hostname="WMIN26" failures="0" tests="1" name="dd.Insure.BaseTest" time="12.772" errors="0" timestamp="2023-01-30T19:06:20 IST" skipped="0">
  <testcase classname="dd.Insure.BaseTest" name="test1" time="12.772"/>
  <system-out/>
</testsuite> <!-- dd.Insure.BaseTest -->
